<html>
<body>
<pre>
<h1>µVision Build Log</h1>
<h2>Tool Versions:</h2>
IDE-Version: ¦ÌVision V5.32.0.0
Copyright (C) 2020 ARM Ltd and ARM Germany GmbH. All rights reserved.
License Information: zzzz Administrator, zzzzqwq, LIC=EXJT4-FIL6Q-PC7J8-3GZDJ-A8NHW-R5F29
 
Tool Versions:
Toolchain:       MDK-ARM Plus  Version: 5.32.0.0
Toolchain Path:  C:\Keil_v5\ARM\ARMCLANG\Bin
C Compiler:      ArmClang.exe V6.14.1
Assembler:       Armasm.exe V6.14.1
Linker/Locator:  ArmLink.exe V6.14.1
Library Manager: ArmAr.exe V6.14.1
Hex Converter:   FromElf.exe V6.14.1
CPU DLL:         SARMCM3.DLL V5.32.0.0
Dialog DLL:      DCM.DLL V1.17.3.0
Target DLL:      CMSIS_AGDI.dll V1.32.12.0
Dialog DLL:      TCM.DLL V1.46.0.0
 
<h2>Project:</h2>
D:\×ÀÃæ\zzzz_The_bad_thing\zzzz_The_bad_thing\rtos\2111\MDK-ARM\Omnidirectional_Wheels_gimbal_F407_240301.uvprojx
Project File Date:  08/25/2024

<h2>Output:</h2>
*** Using Compiler 'V6.14.1', folder: 'C:\Keil_v5\ARM\ARMCLANG\Bin'
Build target 'Omnidirectional_Wheels_gimbal_F407_240301'
../Core/Src/main.c(29): warning: In file included from...
../RM_File\def_variable.h(3): warning: In file included from...
../RM_File/RM_StaticTime.h(3): warning: In file included from...
../RM_File/RM_stdxxx.h(6): error: unknown type name 'using'
using namespace std;
^
../RM_File/RM_stdxxx.h(6): error: expected ';' after top level declarator
using namespace std;
               ^
               ;
../Core/Src/main.c(29): warning: In file included from...
../RM_File\def_variable.h(3): warning: In file included from...
../RM_File/RM_StaticTime.h(4): warning: In file included from...
../RM_File/RM_Key.h(2): error: unknown type name 'class'
class RM_Key
^
../RM_File/RM_Key.h(2): error: expected ';' after top level declarator
class RM_Key
            ^
            ;
../RM_File/RM_Key.h(11): error: 'inline' can only appear on functions
inline void RM_Key::UpKey(bool key)
^
../RM_File/RM_Key.h(11): error: variable has incomplete type 'void'
inline void RM_Key::UpKey(bool key)
            ^
../RM_File/RM_Key.h(11): error: expected ';' after top level declarator
inline void RM_Key::UpKey(bool key)
                  ^
                  ;
../RM_File/RM_Key.h(11): error: expected identifier or '('
inline void RM_Key::UpKey(bool key)
                   ^
../RM_File/RM_Key.h(20): error: unknown type name 'bool'
inline bool RM_Key::GetRisingKey()
       ^
../RM_File/RM_Key.h(20): error: 'inline' can only appear on functions
inline bool RM_Key::GetRisingKey()
^
../RM_File/RM_Key.h(20): error: expected ';' after top level declarator
inline bool RM_Key::GetRisingKey()
                  ^
                  ;
../RM_File/RM_Key.h(20): error: expected identifier or '('
inline bool RM_Key::GetRisingKey()
                   ^
../RM_File/RM_Key.h(25): error: unknown type name 'bool'
inline bool RM_Key::GetFallingKey()
       ^
../RM_File/RM_Key.h(25): error: 'inline' can only appear on functions
inline bool RM_Key::GetFallingKey()
^
../RM_File/RM_Key.h(25): error: expected ';' after top level declarator
inline bool RM_Key::GetFallingKey()
                  ^
                  ;
../RM_File/RM_Key.h(25): error: expected identifier or '('
inline bool RM_Key::GetFallingKey()
                   ^
../Core/Src/main.c(29): warning: In file included from...
../RM_File\def_variable.h(3): warning: In file included from...
../RM_File/RM_StaticTime.h(5): error: unknown type name 'class'
class RM_StaticTime
^
../RM_File/RM_StaticTime.h(5): error: expected ';' after top level declarator
class RM_StaticTime
                   ^
                   ;
../RM_File/RM_StaticTime.h(18): error: 'inline' can only appear on functions
inline void RM_StaticTime::UpLastTime()
^
fatal error: too many errors emitted, stopping now [-ferror-limit=]
20 errors generated.
compiling main.c...
"Omnidirectional_Wheels_gimbal_F407_240301\Omnidirectional_Wheels_gimbal_F407_240301.axf" - 19 Error(s), 0 Warning(s).

<h2>Software Packages used:</h2>

Package Vendor: ARM
                http://www.keil.com/pack/ARM.CMSIS.5.7.0.pack
                ARM.CMSIS.5.7.0
                CMSIS (Cortex Microcontroller Software Interface Standard)
   * Component: CORE Version: 5.4.0

Package Vendor: Keil
                http://www.keil.com/pack/Keil.STM32F4xx_DFP.1.0.8.pack
                Keil.STM32F4xx_DFP.1.0.8
                STMicroelectronics STM32F4 Series Device Support, Drivers and Examples

<h2>Collection of Component include folders:</h2>
  .\RTE\_Omnidirectional_Wheels_gimbal_F407_240301
  C:\Users\Administrator\AppData\Local\Arm\Packs\ARM\CMSIS\5.7.0\CMSIS\Core\Include
  C:\Users\Administrator\AppData\Local\Arm\Packs\Keil\STM32F4xx_DFP\1.0.8\Device\Include

<h2>Collection of Component Files used:</h2>

   * Component: ARM::CMSIS:CORE:5.4.0
Target not created.
Build Time Elapsed:  00:00:01
</pre>
</body>
</html>
